[debug] [2022-01-18T20:52:03.959Z] ----------------------------------------------------------------------
[debug] [2022-01-18T20:52:03.963Z] Command:       C:\Program Files\nodejs\node.exe C:\Users\m_249\AppData\Roaming\npm\node_modules\firebase-tools\lib\bin\firebase.js init
[debug] [2022-01-18T20:52:03.964Z] CLI Version:   10.1.0
[debug] [2022-01-18T20:52:03.964Z] Platform:      win32
[debug] [2022-01-18T20:52:03.964Z] Node Version:  v16.13.0
[debug] [2022-01-18T20:52:03.966Z] Time:          Tue Jan 18 2022 17:52:03 GMT-0300 (hora de verano de Chile)
[debug] [2022-01-18T20:52:03.966Z] ----------------------------------------------------------------------
[debug] 
[debug] [2022-01-18T20:52:04.034Z] > command requires scopes: ["email","openid","https://www.googleapis.com/auth/cloudplatformprojects.readonly","https://www.googleapis.com/auth/firebase","https://www.googleapis.com/auth/cloud-platform"]
[debug] [2022-01-18T20:52:04.034Z] > authorizing via signed-in user (m.santelicesa@gmail.com)
[info] 
     ######## #### ########  ######## ########     ###     ######  ########
     ##        ##  ##     ## ##       ##     ##  ##   ##  ##       ##
     ######    ##  ########  ######   ########  #########  ######  ######
     ##        ##  ##    ##  ##       ##     ## ##     ##       ## ##
     ##       #### ##     ## ######## ########  ##     ##  ######  ########

You're about to initialize a Firebase project in this directory:

  C:\Users\m_249\Desktop\ADL\Frontend G15\Vue Avanzado\app-deploy

Before we get started, keep in mind:

  * You are initializing within an existing Firebase project directory

[info] 
=== Project Setup
[info] 
[info] First, let's associate this project directory with a Firebase project.
[info] You can create multiple project aliases by running firebase use --add, 
[info] but for now we'll just set up a default project.
[info] 
[debug] [2022-01-18T20:52:11.186Z] Using project from CLI flag: g15-adl
[debug] [2022-01-18T20:52:11.189Z] > refreshing access token with scopes: []
[debug] [2022-01-18T20:52:11.190Z] >>> HTTP REQUEST POST https://www.googleapis.com/oauth2/v3/token  
 <request body omitted>
[debug] [2022-01-18T20:52:11.276Z] <<< HTTP RESPONSE 200 {"date":"Tue, 18 Jan 2022 20:52:11 GMT","expires":"Mon, 01 Jan 1990 00:00:00 GMT","pragma":"no-cache","cache-control":"no-cache, no-store, max-age=0, must-revalidate","content-type":"application/json; charset=utf-8","vary":"X-Origin, Referer, Origin,Accept-Encoding","server":"scaffolding on HTTPServer2","x-xss-protection":"0","x-frame-options":"SAMEORIGIN","x-content-type-options":"nosniff","alt-svc":"h3=\":443\"; ma=2592000,h3-29=\":443\"; ma=2592000,h3-Q050=\":443\"; ma=2592000,h3-Q046=\":443\"; ma=2592000,h3-Q043=\":443\"; ma=2592000,quic=\":443\"; ma=2592000; v=\"46,43\"","accept-ranges":"none","transfer-encoding":"chunked"}
[debug] [2022-01-18T20:52:11.289Z] >>> [apiv2][query] GET https://firebase.googleapis.com/v1beta1/projects/g15-adl [none]
[debug] [2022-01-18T20:52:12.209Z] <<< [apiv2][status] GET https://firebase.googleapis.com/v1beta1/projects/g15-adl 200
[debug] [2022-01-18T20:52:12.209Z] <<< [apiv2][body] GET https://firebase.googleapis.com/v1beta1/projects/g15-adl {"projectId":"g15-adl","projectNumber":"716365045505","displayName":"G15-ADL","name":"projects/g15-adl","resources":{"hostingSite":"g15-adl","storageBucket":"g15-adl.appspot.com","locationId":"us-central"},"state":"ACTIVE"}
[info] i  Using project g15-adl (G15-ADL) 
[info] 
=== Hosting Setup
[info] 
[info] Your public directory is the folder (relative to your project directory) that
[info] will contain Hosting assets to be uploaded with firebase deploy. If you
[info] have a build process for your assets, use your build's output directory.
[info] 
